C:\Users\i-jcadiao\documents\visual studio 2017\Projects\Stark\Stark.Presentation\wwwroot\angularjs\app.component.js
C:\Users\i-jcadiao\documents\visual studio 2017\Projects\Stark\Stark.Presentation\wwwroot\angularjs\app.component.js.map
C:\Users\i-jcadiao\documents\visual studio 2017\Projects\Stark\Stark.Presentation\wwwroot\angularjs\interface\weblinks.interface.js
C:\Users\i-jcadiao\documents\visual studio 2017\Projects\Stark\Stark.Presentation\wwwroot\angularjs\interface\weblinks.interface.js.map
C:\Users\i-jcadiao\documents\visual studio 2017\Projects\Stark\Stark.Presentation\wwwroot\angularjs\interface\users.interface.js
C:\Users\i-jcadiao\documents\visual studio 2017\Projects\Stark\Stark.Presentation\wwwroot\angularjs\interface\users.interface.js.map
C:\Users\i-jcadiao\documents\visual studio 2017\Projects\Stark\Stark.Presentation\wwwroot\angularjs\services\starkapi.service.js
C:\Users\i-jcadiao\documents\visual studio 2017\Projects\Stark\Stark.Presentation\wwwroot\angularjs\services\starkapi.service.js.map
C:\Users\i-jcadiao\documents\visual studio 2017\Projects\Stark\Stark.Presentation\wwwroot\angularjs\components\user.component.js
C:\Users\i-jcadiao\documents\visual studio 2017\Projects\Stark\Stark.Presentation\wwwroot\angularjs\components\user.component.js.map
C:\Users\i-jcadiao\documents\visual studio 2017\Projects\Stark\Stark.Presentation\wwwroot\angularjs\app.module.js
C:\Users\i-jcadiao\documents\visual studio 2017\Projects\Stark\Stark.Presentation\wwwroot\angularjs\app.module.js.map
C:\Users\i-jcadiao\documents\visual studio 2017\Projects\Stark\Stark.Presentation\wwwroot\angularjs\main.js
C:\Users\i-jcadiao\documents\visual studio 2017\Projects\Stark\Stark.Presentation\wwwroot\angularjs\main.js.map
C:\Users\i-jcadiao\documents\visual studio 2017\Projects\Stark\Stark.Presentation\wwwroot\angularjs\services\weblinks.services.js
C:\Users\i-jcadiao\documents\visual studio 2017\Projects\Stark\Stark.Presentation\wwwroot\angularjs\services\weblinks.services.js.map
C:\Users\i-jcadiao\documents\visual studio 2017\Projects\Stark\Stark.Presentation\wwwroot\angularjs\components\navigation.component.js
C:\Users\i-jcadiao\documents\visual studio 2017\Projects\Stark\Stark.Presentation\wwwroot\angularjs\components\navigation.component.js.map
C:\Users\i-jcadiao\documents\visual studio 2017\Projects\Stark\Stark.Presentation\wwwroot\angularjs\app.component.js
C:\Users\i-jcadiao\documents\visual studio 2017\Projects\Stark\Stark.Presentation\wwwroot\angularjs\app.component.js.map
C:\Users\i-jcadiao\documents\visual studio 2017\Projects\Stark\Stark.Presentation\wwwroot\angularjs\interface\weblinks.interface.js
C:\Users\i-jcadiao\documents\visual studio 2017\Projects\Stark\Stark.Presentation\wwwroot\angularjs\interface\weblinks.interface.js.map
C:\Users\i-jcadiao\documents\visual studio 2017\Projects\Stark\Stark.Presentation\wwwroot\angularjs\interface\users.interface.js
C:\Users\i-jcadiao\documents\visual studio 2017\Projects\Stark\Stark.Presentation\wwwroot\angularjs\interface\users.interface.js.map
C:\Users\i-jcadiao\documents\visual studio 2017\Projects\Stark\Stark.Presentation\wwwroot\angularjs\services\starkapi.service.js
C:\Users\i-jcadiao\documents\visual studio 2017\Projects\Stark\Stark.Presentation\wwwroot\angularjs\services\starkapi.service.js.map
C:\Users\i-jcadiao\documents\visual studio 2017\Projects\Stark\Stark.Presentation\wwwroot\angularjs\components\user.component.js
C:\Users\i-jcadiao\documents\visual studio 2017\Projects\Stark\Stark.Presentation\wwwroot\angularjs\components\user.component.js.map
C:\Users\i-jcadiao\documents\visual studio 2017\Projects\Stark\Stark.Presentation\wwwroot\angularjs\app.module.js
C:\Users\i-jcadiao\documents\visual studio 2017\Projects\Stark\Stark.Presentation\wwwroot\angularjs\app.module.js.map
C:\Users\i-jcadiao\documents\visual studio 2017\Projects\Stark\Stark.Presentation\wwwroot\angularjs\main.js
C:\Users\i-jcadiao\documents\visual studio 2017\Projects\Stark\Stark.Presentation\wwwroot\angularjs\main.js.map
C:\Users\i-jcadiao\documents\visual studio 2017\Projects\Stark\Stark.Presentation\wwwroot\angularjs\services\weblinks.services.js
C:\Users\i-jcadiao\documents\visual studio 2017\Projects\Stark\Stark.Presentation\wwwroot\angularjs\services\weblinks.services.js.map
C:\Users\i-jcadiao\documents\visual studio 2017\Projects\Stark\Stark.Presentation\wwwroot\angularjs\components\navigation.component.js
C:\Users\i-jcadiao\documents\visual studio 2017\Projects\Stark\Stark.Presentation\wwwroot\angularjs\components\navigation.component.js.map
C:\Users\i-jcadiao\documents\visual studio 2017\Projects\Stark\Stark.Presentation\wwwroot\angularjs\app.component.js
C:\Users\i-jcadiao\documents\visual studio 2017\Projects\Stark\Stark.Presentation\wwwroot\angularjs\app.component.js.map
C:\Users\i-jcadiao\documents\visual studio 2017\Projects\Stark\Stark.Presentation\wwwroot\angularjs\interface\weblinks.interface.js
C:\Users\i-jcadiao\documents\visual studio 2017\Projects\Stark\Stark.Presentation\wwwroot\angularjs\interface\weblinks.interface.js.map
C:\Users\i-jcadiao\documents\visual studio 2017\Projects\Stark\Stark.Presentation\wwwroot\angularjs\interface\users.interface.js
C:\Users\i-jcadiao\documents\visual studio 2017\Projects\Stark\Stark.Presentation\wwwroot\angularjs\interface\users.interface.js.map
C:\Users\i-jcadiao\documents\visual studio 2017\Projects\Stark\Stark.Presentation\wwwroot\angularjs\services\starkapi.service.js
C:\Users\i-jcadiao\documents\visual studio 2017\Projects\Stark\Stark.Presentation\wwwroot\angularjs\services\starkapi.service.js.map
C:\Users\i-jcadiao\documents\visual studio 2017\Projects\Stark\Stark.Presentation\wwwroot\angularjs\components\user.component.js
C:\Users\i-jcadiao\documents\visual studio 2017\Projects\Stark\Stark.Presentation\wwwroot\angularjs\components\user.component.js.map
C:\Users\i-jcadiao\documents\visual studio 2017\Projects\Stark\Stark.Presentation\wwwroot\angularjs\app.module.js
C:\Users\i-jcadiao\documents\visual studio 2017\Projects\Stark\Stark.Presentation\wwwroot\angularjs\app.module.js.map
C:\Users\i-jcadiao\documents\visual studio 2017\Projects\Stark\Stark.Presentation\wwwroot\angularjs\main.js
C:\Users\i-jcadiao\documents\visual studio 2017\Projects\Stark\Stark.Presentation\wwwroot\angularjs\main.js.map
C:\Users\i-jcadiao\documents\visual studio 2017\Projects\Stark\Stark.Presentation\wwwroot\angularjs\services\weblinks.services.js
C:\Users\i-jcadiao\documents\visual studio 2017\Projects\Stark\Stark.Presentation\wwwroot\angularjs\services\weblinks.services.js.map
C:\Users\i-jcadiao\documents\visual studio 2017\Projects\Stark\Stark.Presentation\wwwroot\angularjs\components\navigation.component.js
C:\Users\i-jcadiao\documents\visual studio 2017\Projects\Stark\Stark.Presentation\wwwroot\angularjs\components\navigation.component.js.map
